Exception in thread "main" java.lang.reflect.InvocationTargetException
	at sun.reflect.NativeMethodAccessorImpl.invoke0(Native Method)
	at sun.reflect.NativeMethodAccessorImpl.invoke(NativeMethodAccessorImpl.java:62)
	at sun.reflect.DelegatingMethodAccessorImpl.invoke(DelegatingMethodAccessorImpl.java:43)
	at java.lang.reflect.Method.invoke(Method.java:498)
	at org.springframework.boot.loader.MainMethodRunner.run(MainMethodRunner.java:49)
	at org.springframework.boot.loader.Launcher.launch(Launcher.java:108)
	at org.springframework.boot.loader.Launcher.launch(Launcher.java:58)
	at org.springframework.boot.loader.JarLauncher.main(JarLauncher.java:65)
Caused by: java.lang.NoSuchMethodError: ch.qos.logback.classic.spi.ILoggingEvent.getInstant()Ljava/time/Instant;
	at net.logstash.logback.composite.loggingevent.LoggingEventFormattedTimestampJsonProvider.getTimestampAsInstant(LoggingEventFormattedTimestampJsonProvider.java:29)
	at net.logstash.logback.composite.loggingevent.LoggingEventFormattedTimestampJsonProvider.getTimestampAsInstant(LoggingEventFormattedTimestampJsonProvider.java:25)
	at net.logstash.logback.composite.AbstractFormattedTimestampJsonProvider.writeTo(AbstractFormattedTimestampJsonProvider.java:164)
	at net.logstash.logback.composite.JsonProviders.writeTo(JsonProviders.java:78)
	at net.logstash.logback.composite.AbstractCompositeJsonFormatter.writeEventToGenerator(AbstractCompositeJsonFormatter.java:290)
	at net.logstash.logback.composite.AbstractCompositeJsonFormatter$JsonFormatter.writeEvent(AbstractCompositeJsonFormatter.java:190)
	at net.logstash.logback.composite.AbstractCompositeJsonFormatter.writeEvent(AbstractCompositeJsonFormatter.java:156)
	at net.logstash.logback.encoder.CompositeJsonEncoder.encode(CompositeJsonEncoder.java:106)
	at net.logstash.logback.encoder.CompositeJsonEncoder.encode(CompositeJsonEncoder.java:92)
	at net.logstash.logback.encoder.CompositeJsonEncoder.encode(CompositeJsonEncoder.java:36)
	at ch.qos.logback.core.OutputStreamAppender.subAppend(OutputStreamAppender.java:230)
	at ch.qos.logback.core.OutputStreamAppender.append(OutputStreamAppender.java:102)
	at ch.qos.logback.core.UnsynchronizedAppenderBase.doAppend(UnsynchronizedAppenderBase.java:84)
	at ch.qos.logback.core.spi.AppenderAttachableImpl.appendLoopOnAppenders(AppenderAttachableImpl.java:51)
	at ch.qos.logback.classic.Logger.appendLoopOnAppenders(Logger.java:270)
	at ch.qos.logback.classic.Logger.callAppenders(Logger.java:257)
	at ch.qos.logback.classic.Logger.buildLoggingEventAndAppend(Logger.java:421)
	at ch.qos.logback.classic.Logger.filterAndLog_0_Or3Plus(Logger.java:383)
	at ch.qos.logback.classic.Logger.log(Logger.java:765)
	at org.apache.commons.logging.LogAdapter$Slf4jLocationAwareLog.error(LogAdapter.java:433)
	at org.springframework.boot.SpringApplication.reportFailure(SpringApplication.java:821)
	at org.springframework.boot.SpringApplication.handleRunFailure(SpringApplication.java:785)
	at org.springframework.boot.SpringApplication.run(SpringApplication.java:317)
	at org.springframework.boot.SpringApplication.run(SpringApplication.java:1303)
	at org.springframework.boot.SpringApplication.run(SpringApplication.java:1292)
	at com.example.payment.Application.main(Application.java:11)
	... 8 more
